Using pre-set license
Built from '2021.1/staging' branch; Version is '2021.1.0b3 (202fb86be42c) revision 2109368'; Using compiler version '192528614'; Build Type 'Release'
OS: 'Windows 10 Pro; OS build 19042.928; Version 2009; 64bit' Language: 'fr' Physical Memory: 8128 MB
BatchMode: 1, IsHumanControllingUs: 0, StartBugReporterOnCrash: 0, Is64bit: 1, IsPro: 0

 COMMAND LINE ARGUMENTS:
C:\Program Files\Unity\Hub\Editor\2021.1.0b3\Editor\Unity.exe
-adb2
-batchMode
-noUpm
-name
AssetImportWorker0
-projectPath
C:/Users/Guillaume/Documents/Cours/Progra/Premier pas
-logFile
Logs/AssetImportWorker0.log
-srvPort
58392
Successfully changed project path to: C:/Users/Guillaume/Documents/Cours/Progra/Premier pas
C:/Users/Guillaume/Documents/Cours/Progra/Premier pas
Using Asset Import Pipeline V2.
Refreshing native plugins compatible for Editor in 173.33 ms, found 1 plugins.
Preloading 0 native plugins for Editor in 0.00 ms.
Initialize engine version: 2021.1.0b3 (202fb86be42c)
[Subsystems] Discovering subsystems at path C:/Program Files/Unity/Hub/Editor/2021.1.0b3/Editor/Data/Resources/UnitySubsystems
[Subsystems] Discovering subsystems at path C:/Users/Guillaume/Documents/Cours/Progra/Premier pas/Assets
GfxDevice: creating device client; threaded=0; jobified=0
Direct3D:
    Version:  Direct3D 11.0 [level 11.1]
    Renderer: NVIDIA GeForce GTX 1050 (ID=0x1c81)
    Vendor:   NVIDIA
    VRAM:     1977 MB
    Driver:   27.21.14.5671
Initialize mono
Mono path[0] = 'C:/Program Files/Unity/Hub/Editor/2021.1.0b3/Editor/Data/Managed'
Mono path[1] = 'C:/Program Files/Unity/Hub/Editor/2021.1.0b3/Editor/Data/MonoBleedingEdge/lib/mono/unityjit'
Mono config path = 'C:/Program Files/Unity/Hub/Editor/2021.1.0b3/Editor/Data/MonoBleedingEdge/etc'
Using monoOptions --debugger-agent=transport=dt_socket,embedding=1,server=y,suspend=n,address=127.0.0.1:56152
Begin MonoManager ReloadAssembly
Registering precompiled unity dll's ...
Register platform support module: C:/Program Files/Unity/Hub/Editor/2021.1.0b3/Editor/Data/PlaybackEngines/WindowsStandaloneSupport/UnityEditor.WindowsStandalone.Extensions.dll
Registered in 0.001958 seconds.
Native extension for WindowsStandalone target not found
Refreshing native plugins compatible for Editor in 124.37 ms, found 1 plugins.
Preloading 0 native plugins for Editor in 0.00 ms.
Mono: successfully reloaded assembly
- Completed reload, in  1.757 seconds
Platform modules already initialized, skipping
Registering precompiled user dll's ...
Registered in 0.005487 seconds.
Begin MonoManager ReloadAssembly
Native extension for WindowsStandalone target not found
Refreshing native plugins compatible for Editor in 0.63 ms, found 1 plugins.
Preloading 0 native plugins for Editor in 0.00 ms.
Mono: successfully reloaded assembly
- Completed reload, in  1.994 seconds
Platform modules already initialized, skipping
========================================================================
Worker process is ready to serve import requests
Launched and connected shader compiler UnityShaderCompiler.exe after 0.20 seconds
Refreshing native plugins compatible for Editor in 0.57 ms, found 1 plugins.
Preloading 0 native plugins for Editor in 0.00 ms.
Unloading 3097 Unused Serialized files (Serialized files now loaded: 0)
System memory in use before: 266.7 MB.
System memory in use after: 266.9 MB.

Unloading 88 unused Assets to reduce memory usage. Loaded Objects now: 3555.
Total: 8.420500 ms (FindLiveObjects: 1.417400 ms CreateObjectMapping: 1.267100 ms MarkObjects: 5.334000 ms  DeleteObjects: 0.400700 ms)

========================================================================
Received Import Request.
  path: Assets/Sprites/particules birdmelon.psd
  artifactKey: Guid(e01eb1e6093dfc1479ee2ad82b4e9438) Importer(815301076,1909f56bfc062723c751e8b465ee728b)
Start importing Assets/Sprites/particules birdmelon.psd using Guid(e01eb1e6093dfc1479ee2ad82b4e9438) Importer(815301076,1909f56bfc062723c751e8b465ee728b)  -> (artifact id: '73da5bbbaefca1ba46c1ae58477a97b3') in 0.275044 seconds 
========================================================================
Received Import Request.
  Time since last request: 0.030418 seconds.
  path: Assets/Sprites/particules tp.psd
  artifactKey: Guid(5fb741efe60ac694bb35c81f2d568237) Importer(815301076,1909f56bfc062723c751e8b465ee728b)
Start importing Assets/Sprites/particules tp.psd using Guid(5fb741efe60ac694bb35c81f2d568237) Importer(815301076,1909f56bfc062723c751e8b465ee728b)  -> (artifact id: '9beea3e8ff35e16f7313bfa9b51a2623') in 0.029596 seconds 
========================================================================
Received Import Request.
  Time since last request: 46.007161 seconds.
  path: Assets/Sprites/particules birdmelon.psd
  artifactKey: Guid(e01eb1e6093dfc1479ee2ad82b4e9438) Importer(815301076,1909f56bfc062723c751e8b465ee728b)
Start importing Assets/Sprites/particules birdmelon.psd using Guid(e01eb1e6093dfc1479ee2ad82b4e9438) Importer(815301076,1909f56bfc062723c751e8b465ee728b)  -> (artifact id: '8b5634fc4ddcd56eb91d92aec7c82464') in 0.158973 seconds 
========================================================================
Received Import Request.
  Time since last request: 0.020633 seconds.
  path: Assets/Sprites/particules tp.psd
  artifactKey: Guid(5fb741efe60ac694bb35c81f2d568237) Importer(815301076,1909f56bfc062723c751e8b465ee728b)
Start importing Assets/Sprites/particules tp.psd using Guid(5fb741efe60ac694bb35c81f2d568237) Importer(815301076,1909f56bfc062723c751e8b465ee728b)  -> (artifact id: '2f57aca66800237ef5c5818fee4d064e') in 0.020998 seconds 
========================================================================
Received Import Request.
  Time since last request: 33.661712 seconds.
  path: Assets/Sprites/particules birdmelon.psd
  artifactKey: Guid(e01eb1e6093dfc1479ee2ad82b4e9438) Importer(815301076,1909f56bfc062723c751e8b465ee728b)
Start importing Assets/Sprites/particules birdmelon.psd using Guid(e01eb1e6093dfc1479ee2ad82b4e9438) Importer(815301076,1909f56bfc062723c751e8b465ee728b)  -> (artifact id: '67519709b02d852d58f23c8d7cdca082') in 0.036503 seconds 
========================================================================
Received Import Request.
  Time since last request: 0.031779 seconds.
  path: Assets/Sprites/particules tp.psd
  artifactKey: Guid(5fb741efe60ac694bb35c81f2d568237) Importer(815301076,1909f56bfc062723c751e8b465ee728b)
Start importing Assets/Sprites/particules tp.psd using Guid(5fb741efe60ac694bb35c81f2d568237) Importer(815301076,1909f56bfc062723c751e8b465ee728b)  -> (artifact id: 'ed0a7cc3e7563301beb44e0c1bea05c5') in 0.027683 seconds 
========================================================================
Received Import Request.
  Time since last request: 29.953389 seconds.
  path: Assets/Sprites/particules birdmelon.psd
  artifactKey: Guid(e01eb1e6093dfc1479ee2ad82b4e9438) Importer(815301076,1909f56bfc062723c751e8b465ee728b)
Start importing Assets/Sprites/particules birdmelon.psd using Guid(e01eb1e6093dfc1479ee2ad82b4e9438) Importer(815301076,1909f56bfc062723c751e8b465ee728b)  -> (artifact id: '96f668f3d8e23ae1cf84910231aceeaf') in 0.057990 seconds 
========================================================================
Received Import Request.
  Time since last request: 23.080404 seconds.
  path: Assets/Sprites/particules tp.psd
  artifactKey: Guid(5fb741efe60ac694bb35c81f2d568237) Importer(815301076,1909f56bfc062723c751e8b465ee728b)
Start importing Assets/Sprites/particules tp.psd using Guid(5fb741efe60ac694bb35c81f2d568237) Importer(815301076,1909f56bfc062723c751e8b465ee728b)  -> (artifact id: 'fa5b2f4566f9a9cdddae3622556bd0a1') in 0.061352 seconds 
========================================================================
Received Import Request.
  Time since last request: 281.433347 seconds.
  path: Assets/Scripts/FocusZone.cs
  artifactKey: Guid(54602a02c8a02f8468ff750b4874d79d) Importer(815301076,1909f56bfc062723c751e8b465ee728b)
Start importing Assets/Scripts/FocusZone.cs using Guid(54602a02c8a02f8468ff750b4874d79d) Importer(815301076,1909f56bfc062723c751e8b465ee728b)  -> (artifact id: 'd7d02123033b5ac36b82ac18a335c121') in 0.093570 seconds 
========================================================================
Received Import Request.
  Time since last request: 1.627969 seconds.
  path: Assets/Scripts/Teleportation.cs
  artifactKey: Guid(3790c74a7e1ec974c8033f033275fc4c) Importer(815301076,1909f56bfc062723c751e8b465ee728b)
Start importing Assets/Scripts/Teleportation.cs using Guid(3790c74a7e1ec974c8033f033275fc4c) Importer(815301076,1909f56bfc062723c751e8b465ee728b)  -> (artifact id: '6f8ae6cf2aa4db45d6f0b6a51da78812') in 0.013180 seconds 
========================================================================
Received Prepare
Registering precompiled user dll's ...
Registered in 0.072087 seconds.
Begin MonoManager ReloadAssembly
Native extension for WindowsStandalone target not found
Refreshing native plugins compatible for Editor in 0.55 ms, found 1 plugins.
Preloading 0 native plugins for Editor in 0.00 ms.
Warning: Annotation not found!
UnityEngine.StackTraceUtility:ExtractStackTrace ()
UnityEditor.ProBuilder.EditorUtility:SetGizmoIconEnabled (System.Type,bool) (at Library/PackageCache/com.unity.probuilder@5.0.0-pre.7/Editor/EditorCore/EditorUtility.cs:569)
UnityEditor.ProBuilder.HierarchyListener:.cctor () (at Library/PackageCache/com.unity.probuilder@5.0.0-pre.7/Editor/EditorCore/HierarchyListener.cs:21)
System.Runtime.CompilerServices.RuntimeHelpers:RunClassConstructor (System.RuntimeTypeHandle)
UnityEditor.EditorAssemblies:ProcessInitializeOnLoadAttributes (System.Type[])

[Library/PackageCache/com.unity.probuilder@5.0.0-pre.7/Editor/EditorCore/EditorUtility.cs line 569]

Mono: successfully reloaded assembly
- Completed reload, in  1.525 seconds
Platform modules already initialized, skipping
Refreshing native plugins compatible for Editor in 0.54 ms, found 1 plugins.
Preloading 0 native plugins for Editor in 0.00 ms.
Unloading 3057 Unused Serialized files (Serialized files now loaded: 0)
System memory in use before: 271.2 MB.
System memory in use after: 271.4 MB.

Unloading 10 unused Assets to reduce memory usage. Loaded Objects now: 3700.
Total: 5.476800 ms (FindLiveObjects: 0.809800 ms CreateObjectMapping: 0.278100 ms MarkObjects: 4.217400 ms  DeleteObjects: 0.170100 ms)

========================================================================
Received Import Request.
  Time since last request: 146.498471 seconds.
  path: Assets/Scripts/Teleportation.cs
  artifactKey: Guid(3790c74a7e1ec974c8033f033275fc4c) Importer(815301076,1909f56bfc062723c751e8b465ee728b)
Start importing Assets/Scripts/Teleportation.cs using Guid(3790c74a7e1ec974c8033f033275fc4c) Importer(815301076,1909f56bfc062723c751e8b465ee728b)  -> (artifact id: '3255c06362f658b0bac0f1a7c5dc7fed') in 0.013571 seconds 
========================================================================
Received Import Request.
  Time since last request: 631.135523 seconds.
  path: Assets/Sprites/particules tp_2.prefab
  artifactKey: Guid(b4d4fd4019b3bb64299c611ce1d1e82f) Importer(815301076,1909f56bfc062723c751e8b465ee728b)
Start importing Assets/Sprites/particules tp_2.prefab using Guid(b4d4fd4019b3bb64299c611ce1d1e82f) Importer(815301076,1909f56bfc062723c751e8b465ee728b)  -> (artifact id: '0792591e3cf9cc9745011d2c1f7626bc') in 0.123478 seconds 
========================================================================
Received Import Request.
  Time since last request: 18.080848 seconds.
  path: Assets/Sprites/particules birdmelon_5.prefab
  artifactKey: Guid(9575400c8584a6140bc58448ff15f2c7) Importer(815301076,1909f56bfc062723c751e8b465ee728b)
Start importing Assets/Sprites/particules birdmelon_5.prefab using Guid(9575400c8584a6140bc58448ff15f2c7) Importer(815301076,1909f56bfc062723c751e8b465ee728b)  -> (artifact id: 'f7c00236203f426cba28fc3e9ff3756e') in 0.025508 seconds 
========================================================================
Received Prepare
Registering precompiled user dll's ...
Registered in 0.008182 seconds.
Begin MonoManager ReloadAssembly
Native extension for WindowsStandalone target not found
Refreshing native plugins compatible for Editor in 0.65 ms, found 1 plugins.
Preloading 0 native plugins for Editor in 0.00 ms.
Warning: Annotation not found!
UnityEngine.StackTraceUtility:ExtractStackTrace ()
UnityEditor.ProBuilder.EditorUtility:SetGizmoIconEnabled (System.Type,bool) (at Library/PackageCache/com.unity.probuilder@5.0.0-pre.7/Editor/EditorCore/EditorUtility.cs:569)
UnityEditor.ProBuilder.HierarchyListener:.cctor () (at Library/PackageCache/com.unity.probuilder@5.0.0-pre.7/Editor/EditorCore/HierarchyListener.cs:21)
System.Runtime.CompilerServices.RuntimeHelpers:RunClassConstructor (System.RuntimeTypeHandle)
UnityEditor.EditorAssemblies:ProcessInitializeOnLoadAttributes (System.Type[])

[Library/PackageCache/com.unity.probuilder@5.0.0-pre.7/Editor/EditorCore/EditorUtility.cs line 569]

Mono: successfully reloaded assembly
- Completed reload, in  1.533 seconds
Platform modules already initialized, skipping
Refreshing native plugins compatible for Editor in 0.59 ms, found 1 plugins.
Preloading 0 native plugins for Editor in 0.00 ms.
Unloading 3055 Unused Serialized files (Serialized files now loaded: 0)
System memory in use before: 271.2 MB.
System memory in use after: 271.4 MB.

Unloading 10 unused Assets to reduce memory usage. Loaded Objects now: 3707.
Total: 5.668600 ms (FindLiveObjects: 0.630100 ms CreateObjectMapping: 0.669600 ms MarkObjects: 4.160900 ms  DeleteObjects: 0.206600 ms)

========================================================================
Received Import Request.
  Time since last request: 244.534799 seconds.
  path: Assets/Sprites/particules tp_2.prefab
  artifactKey: Guid(b4d4fd4019b3bb64299c611ce1d1e82f) Importer(815301076,1909f56bfc062723c751e8b465ee728b)
Start importing Assets/Sprites/particules tp_2.prefab using Guid(b4d4fd4019b3bb64299c611ce1d1e82f) Importer(815301076,1909f56bfc062723c751e8b465ee728b)  -> (artifact id: '87af56069ca2d31ac56df94368497cba') in 0.060140 seconds 
========================================================================
Received Import Request.
  Time since last request: 6.549523 seconds.
  path: Assets/Sprites/particules birdmelon_5.prefab
  artifactKey: Guid(9575400c8584a6140bc58448ff15f2c7) Importer(815301076,1909f56bfc062723c751e8b465ee728b)
Start importing Assets/Sprites/particules birdmelon_5.prefab using Guid(9575400c8584a6140bc58448ff15f2c7) Importer(815301076,1909f56bfc062723c751e8b465ee728b)  -> (artifact id: '0f456ce4c89756cf884cc479d0dc57fc') in 0.012174 seconds 
========================================================================
Received Prepare
Registering precompiled user dll's ...
Registered in 0.004824 seconds.
Begin MonoManager ReloadAssembly
Native extension for WindowsStandalone target not found
Refreshing native plugins compatible for Editor in 5.43 ms, found 1 plugins.
Preloading 0 native plugins for Editor in 0.00 ms.
Warning: Annotation not found!
UnityEngine.StackTraceUtility:ExtractStackTrace ()
UnityEditor.ProBuilder.EditorUtility:SetGizmoIconEnabled (System.Type,bool) (at Library/PackageCache/com.unity.probuilder@5.0.0-pre.7/Editor/EditorCore/EditorUtility.cs:569)
UnityEditor.ProBuilder.HierarchyListener:.cctor () (at Library/PackageCache/com.unity.probuilder@5.0.0-pre.7/Editor/EditorCore/HierarchyListener.cs:21)
System.Runtime.CompilerServices.RuntimeHelpers:RunClassConstructor (System.RuntimeTypeHandle)
UnityEditor.EditorAssemblies:ProcessInitializeOnLoadAttributes (System.Type[])

[Library/PackageCache/com.unity.probuilder@5.0.0-pre.7/Editor/EditorCore/EditorUtility.cs line 569]

Mono: successfully reloaded assembly
- Completed reload, in  1.556 seconds
Platform modules already initialized, skipping
Refreshing native plugins compatible for Editor in 0.69 ms, found 1 plugins.
Preloading 0 native plugins for Editor in 0.00 ms.
Unloading 3055 Unused Serialized files (Serialized files now loaded: 0)
System memory in use before: 271.2 MB.
System memory in use after: 271.4 MB.

Unloading 10 unused Assets to reduce memory usage. Loaded Objects now: 3710.
Total: 5.621900 ms (FindLiveObjects: 0.640800 ms CreateObjectMapping: 0.343000 ms MarkObjects: 4.500200 ms  DeleteObjects: 0.136600 ms)

